================================================================================
AGENT SESSION LOG
================================================================================
Session ID: 2ac0fc6f-aa62-4f30-9f98-252f2e75fb28
Started: 2025-11-02 11:11:30
Log File: logs/session_2ac0fc6f-aa62-4f30-9f98-252f2e75fb28.log
================================================================================

[+44.72s] → slack
  Message: Send a message "hello" to the "dev ops" channel.
  Length: 48 chars
[+49.36s] ← slack ✓
  Response: I couldn't find an exact match for a channel named "dev ops". However, I found a...
  Length: 194 chars
[+76.40s] → slack
  Message: Context from previous steps:
{
  "channel_name": "dev-opps"
}

Task: Send a mess...
  Length: 118 chars
[+81.73s] ← slack ✓
  Response: ✓ Message sent to #dev-opps

Content:
> hello

Recipients: 3 members
Posted at: ...
  Length: 196 chars
[+157.51s] → jira
  Message: Transition issue KAN-52 to "Done" status.
  Length: 41 chars
[+165.15s] ← jira ✓
  Response: I am unable to retrieve details for KAN-52. It's possible the issue key is incor...
  Length: 181 chars
[+177.58s] → jira
  Message: Transition issue KAN-42 to "Done" status.
  Length: 41 chars
[+185.24s] ← jira ✓
  Response: I've successfully transitioned issue KAN-42 to "Done" status.

**Verification:**...
  Length: 195 chars
[+229.09s] → jira
  Message: Assign issue KAN-40 to me.
  Length: 26 chars
[+243.76s] ← jira ✓
  Response: To assign KAN-40 to you, I need your Jira account ID or email address. Could you...
  Length: 99 chars
[+263.70s] → jira
  Message: Assign issue KAN-40 to h.sujan2004@gmail.com.
  Length: 45 chars
[+268.32s] ← jira ✓
  Response: I have successfully assigned KAN-40 to h.sujan2004@gmail.com.

✓ Verified: KAN-4...
  Length: 315 chars
[+270.61s] → jira
  Message: Assign issue KAN-41 to h.sujan2004@gmail.com.
  Length: 45 chars
[+278.89s] ← jira ✓
  Response: The issue KAN-41 has been successfully assigned to h.sujan2004@gmail.com.

Summa...
  Length: 267 chars
[+280.17s] → jira
  Message: Assign issue KAN-42 to h.sujan2004@gmail.com.
  Length: 45 chars
[+288.81s] ← jira ✓
  Response: ✓ Assigned KAN-42 to h.sujan2004@gmail.com.

**Verification:**
*   **Issue:** KA...
  Length: 134 chars
[+290.33s] → jira
  Message: Assign issue KAN-43 to h.sujan2004@gmail.com.
  Length: 45 chars
[+296.21s] ← jira ✓
  Response: ✓ Issue KAN-43 has been successfully assigned to h.sujan2004@gmail.com.

**Summa...
  Length: 354 chars
