
================================================================================
SESSION SUMMARY
================================================================================
Duration: 38m 43.4s
Total Messages: 8

AGENT METRICS:
--------------------------------------------------------------------------------

GITHUB:
  Messages: 4 received, 4 sent
  Tools: 0 called (0 ✓, 0 ✗)
  Success Rate: 0.0%
  Duration: 0.00s

MESSAGE FLOW:
--------------------------------------------------------------------------------
  Time        github    
  ----------------------
   397.0s    →         
   403.0s    ←         
   424.6s    →         
   430.9s    ←         
   473.8s    →         
   478.9s    ←         
   481.2s    →         
   487.6s    ←         

================================================================================
