
================================================================================
SESSION SUMMARY
================================================================================
Duration: 3h 29m
Total Messages: 8

AGENT METRICS:
--------------------------------------------------------------------------------

NOTION:
  Messages: 2 received, 2 sent
  Tools: 0 called (0 ✓, 0 ✗)
  Success Rate: 0.0%
  Duration: 0.00s

SLACK:
  Messages: 2 received, 2 sent
  Tools: 0 called (0 ✓, 0 ✗)
  Success Rate: 0.0%
  Duration: 0.00s

MESSAGE FLOW:
--------------------------------------------------------------------------------
  Time        notion      slack     
  ----------------------------------
    21.4s    →                     
    30.6s    ←                     
    62.5s    →                     
    83.4s    ←                     
    91.8s                →         
    96.3s                ←         
   120.2s                →         
   130.9s                ←         

================================================================================
